

> @stack/storybook@0.0.0 build /Users/ivyquillosa/Desktop/CodeTwenty/Upwork/frontend-challenge/apps/storydocs
> storybook build --docs

[1m@storybook/cli v7.6.7[22m
[1m[22m
[32minfo[0m[35m[0m => Cleaning outputDir: [36m/storybook-static[39m
[0m[32minfo[0m[35m[0m => Loading presets
[0m[32minfo[0m[35m[0m => Building manager..
[0m[32minfo[0m[35m[0m => Manager built ([38;2;181;126;229m215 ms[39m)
[0m[32minfo[0m[35m[0m => Building preview..
[0m[32minfo[0m[35m[0m => Copying static files: [36m/Users/ivyquillosa/Desktop/CodeTwenty/Upwork/frontend-challenge/node_modules/.pnpm/@storybook+manager@7.6.7/node_modules/@storybook/manager/static[39m at [36m/Users/ivyquillosa/Desktop/CodeTwenty/Upwork/frontend-challenge/apps/storydocs/storybook-static/sb-common-assets[39m
[0m[30;43mWARN[0m[35m[0m No story files found for the specified pattern: [34mstories/*.stories.tsx[39m
[0m[33mThe CJS build of Vite's Node API is deprecated. See https://vitejs.dev/guide/troubleshooting.html#vite-cjs-node-api-deprecated for more details.[39m
[36mvite v5.0.10 [32mbuilding for production...[36m[39m

./sb-common-assets/fonts.css doesn't exist at build time, it will remain unchanged to be resolved at runtime
[2K[1Gtransforming (1) [2miframe.html[22m[2K[1Gtransforming (3) [2m../../../../../../../../virtual:/@storybook/builder-vite/vite-app.js[22m[2K[1Gtransforming (16) [2mstories/designTheming.mdx[22m[2K[1Gtransforming (27) [2m../../node_modules/.pnpm/react-element-to-jsx-string@15.0.0_react-dom@18.2.0_react@18.2.0/node_modules/react-element-to[2K[1Gtransforming (47) [2mstories/radixComponents/Accordion.stories.tsx[22m[2K[1Gtransforming (75) [2mstories/handcraftedComponents/InputFields.stories.tsx[22m[2K[1Gtransforming (92) [2m../../node_modules/.pnpm/lucide-react@0.368.0_react@18.2.0/node_modules/lucide-react/dist/esm/lucide-react.js[22m[2K[1Gtransforming (102) [2m../../node_modules/.pnpm/uuid@9.0.0/node_modules/uuid/dist/esm-browser/version.js[22m[2K[1Gtransforming (104) [2m../../node_modules/.pnpm/react@18.2.0/node_modules/react/cjs/react-jsx-runtime.production.min.js[22mBrowserslist: caniuse-lite is outdated. Please run:
  npx update-browserslist-db@latest
  Why you should do it regularly: https://github.com/browserslist/update-db#readme
[2K[1Gtransforming (135) [2m../../node_modules/.pnpm/@radix-ui+react-collapsible@1.1.0_@types+react-dom@18.2.18_@types+react@18.2.46_react-dom@18.[2K[1G../../node_modules/.pnpm/@radix-ui+react-alert-dialog@1.1.1_@types+react-dom@18.2.18_@types+react@18.2.46_react-dom@18.3.1_react@18.2.0/node_modules/@radix-ui/react-alert-dialog/dist/index.mjs (1:0) Module level directives cause errors when bundled, "use client" in "../../node_modules/.pnpm/@radix-ui+react-alert-dialog@1.1.1_@types+react-dom@18.2.18_@types+react@18.2.46_react-dom@18.3.1_react@18.2.0/node_modules/@radix-ui/react-alert-dialog/dist/index.mjs" was ignored.
[2K[1G../../node_modules/.pnpm/@radix-ui+react-collapsible@1.1.0_@types+react-dom@18.2.18_@types+react@18.2.46_react-dom@18.3.1_react@18.2.0/node_modules/@radix-ui/react-collapsible/dist/index.mjs (1:0) Module level directives cause errors when bundled, "use client" in "../../node_modules/.pnpm/@radix-ui+react-collapsible@1.1.0_@types+react-dom@18.2.18_@types+react@18.2.46_react-dom@18.3.1_react@18.2.0/node_modules/@radix-ui/react-collapsible/dist/index.mjs" was ignored.
[2K[1Gtransforming (138) [2m../../node_modules/.pnpm/@radix-ui+react-separator@1.1.0_@types+react-dom@18.2.18_@types+react@18.2.46_react-dom@18.3.[2K[1G../../node_modules/.pnpm/@radix-ui+react-checkbox@1.1.1_@types+react-dom@18.2.18_@types+react@18.2.46_react-dom@18.3.1_react@18.2.0/node_modules/@radix-ui/react-checkbox/dist/index.mjs (1:0) Module level directives cause errors when bundled, "use client" in "../../node_modules/.pnpm/@radix-ui+react-checkbox@1.1.1_@types+react-dom@18.2.18_@types+react@18.2.46_react-dom@18.3.1_react@18.2.0/node_modules/@radix-ui/react-checkbox/dist/index.mjs" was ignored.
[2K[1G../../node_modules/.pnpm/@radix-ui+react-label@2.1.0_@types+react-dom@18.2.18_@types+react@18.2.46_react-dom@18.3.1_react@18.2.0/node_modules/@radix-ui/react-label/dist/index.mjs (1:0) Module level directives cause errors when bundled, "use client" in "../../node_modules/.pnpm/@radix-ui+react-label@2.1.0_@types+react-dom@18.2.18_@types+react@18.2.46_react-dom@18.3.1_react@18.2.0/node_modules/@radix-ui/react-label/dist/index.mjs" was ignored.
[2K[1G../../node_modules/.pnpm/@radix-ui+react-radio-group@1.2.0_@types+react-dom@18.2.18_@types+react@18.2.46_react-dom@18.3.1_react@18.2.0/node_modules/@radix-ui/react-radio-group/dist/index.mjs (1:0) Module level directives cause errors when bundled, "use client" in "../../node_modules/.pnpm/@radix-ui+react-radio-group@1.2.0_@types+react-dom@18.2.18_@types+react@18.2.46_react-dom@18.3.1_react@18.2.0/node_modules/@radix-ui/react-radio-group/dist/index.mjs" was ignored.
[2K[1Gtransforming (160) [2m../../node_modules/.pnpm/lucide-react@0.368.0_react@18.2.0/node_modules/lucide-react/dist/esm/icons/album.js[22m[2K[1G../../node_modules/.pnpm/@radix-ui+react-scroll-area@1.1.0_@types+react-dom@18.2.18_@types+react@18.2.46_react-dom@18.3.1_react@18.2.0/node_modules/@radix-ui/react-scroll-area/dist/index.mjs (1:0) Module level directives cause errors when bundled, "use client" in "../../node_modules/.pnpm/@radix-ui+react-scroll-area@1.1.0_@types+react-dom@18.2.18_@types+react@18.2.46_react-dom@18.3.1_react@18.2.0/node_modules/@radix-ui/react-scroll-area/dist/index.mjs" was ignored.
[2K[1G../../node_modules/.pnpm/@radix-ui+react-select@2.1.1_@types+react-dom@18.2.18_@types+react@18.2.46_react-dom@18.3.1_react@18.2.0/node_modules/@radix-ui/react-select/dist/index.mjs (1:0) Module level directives cause errors when bundled, "use client" in "../../node_modules/.pnpm/@radix-ui+react-select@2.1.1_@types+react-dom@18.2.18_@types+react@18.2.46_react-dom@18.3.1_react@18.2.0/node_modules/@radix-ui/react-select/dist/index.mjs" was ignored.
[2K[1G../../node_modules/.pnpm/@radix-ui+react-switch@1.1.0_@types+react-dom@18.2.18_@types+react@18.2.46_react-dom@18.3.1_react@18.2.0/node_modules/@radix-ui/react-switch/dist/index.mjs (1:0) Module level directives cause errors when bundled, "use client" in "../../node_modules/.pnpm/@radix-ui+react-switch@1.1.0_@types+react-dom@18.2.18_@types+react@18.2.46_react-dom@18.3.1_react@18.2.0/node_modules/@radix-ui/react-switch/dist/index.mjs" was ignored.
[2K[1Gtransforming (164) [2m../../node_modules/.pnpm/lucide-react@0.368.0_react@18.2.0/node_modules/lucide-react/dist/esm/icons/align-center-horiz[2K[1Gtransforming (325) [2m../../node_modules/.pnpm/lucide-react@0.368.0_react@18.2.0/node_modules/lucide-react/dist/esm/icons/book-headphones.js[2K[1Gtransforming (525) [2m../../node_modules/.pnpm/lucide-react@0.368.0_react@18.2.0/node_modules/lucide-react/dist/esm/icons/credit-card.js[22[2K[1Gtransforming (566) [2m../../node_modules/.pnpm/lucide-react@0.368.0_react@18.2.0/node_modules/lucide-react/dist/esm/icons/drafting-compass.j[2K[1Gtransforming (772) [2m../../node_modules/.pnpm/lucide-react@0.368.0_react@18.2.0/node_modules/lucide-react/dist/esm/icons/haze.js[22m[2K[1Gtransforming (986) [2m../../node_modules/.pnpm/lucide-react@0.368.0_react@18.2.0/node_modules/lucide-react/dist/esm/icons/navigation-2-off.j[2K[1Gtransforming (1212) [2m../../node_modules/.pnpm/lucide-react@0.368.0_react@18.2.0/node_modules/lucide-react/dist/esm/icons/shuffle.js[22m[2K[1Gtransforming (1446) [2m../../node_modules/.pnpm/lucide-react@0.368.0_react@18.2.0/node_modules/lucide-react/dist/esm/icons/arrow-up-z-a.js[[2K[1Gtransforming (1630) [2m../../node_modules/.pnpm/doctrine@3.0.0/node_modules/doctrine/lib/utility.js[22m[2K[1Gtransforming (1665) [2m../../node_modules/.pnpm/@radix-ui+react-context@1.0.1_@types+react@18.2.46_react@18.2.0/node_modules/@radix-ui/react[2K[1G../../node_modules/.pnpm/@radix-ui+react-dialog@1.1.1_@types+react-dom@18.2.18_@types+react@18.2.46_react-dom@18.3.1_react@18.2.0/node_modules/@radix-ui/react-dialog/dist/index.mjs (1:0) Module level directives cause errors when bundled, "use client" in "../../node_modules/.pnpm/@radix-ui+react-dialog@1.1.1_@types+react-dom@18.2.18_@types+react@18.2.46_react-dom@18.3.1_react@18.2.0/node_modules/@radix-ui/react-dialog/dist/index.mjs" was ignored.
[2K[1G../../node_modules/.pnpm/@radix-ui+react-presence@1.1.0_@types+react-dom@18.2.18_@types+react@18.2.46_react-dom@18.3.1_react@18.2.0/node_modules/@radix-ui/react-presence/dist/index.mjs (1:0) Module level directives cause errors when bundled, "use client" in "../../node_modules/.pnpm/@radix-ui+react-presence@1.1.0_@types+react-dom@18.2.18_@types+react@18.2.46_react-dom@18.3.1_react@18.2.0/node_modules/@radix-ui/react-presence/dist/index.mjs" was ignored.
[2K[1G../../node_modules/.pnpm/@radix-ui+react-roving-focus@1.1.0_@types+react-dom@18.2.18_@types+react@18.2.46_react-dom@18.3.1_react@18.2.0/node_modules/@radix-ui/react-roving-focus/dist/index.mjs (1:0) Module level directives cause errors when bundled, "use client" in "../../node_modules/.pnpm/@radix-ui+react-roving-focus@1.1.0_@types+react-dom@18.2.18_@types+react@18.2.46_react-dom@18.3.1_react@18.2.0/node_modules/@radix-ui/react-roving-focus/dist/index.mjs" was ignored.
[2K[1G../../node_modules/.pnpm/@radix-ui+react-collection@1.1.0_@types+react-dom@18.2.18_@types+react@18.2.46_react-dom@18.3.1_react@18.2.0/node_modules/@radix-ui/react-collection/dist/index.mjs (1:0) Module level directives cause errors when bundled, "use client" in "../../node_modules/.pnpm/@radix-ui+react-collection@1.1.0_@types+react-dom@18.2.18_@types+react@18.2.46_react-dom@18.3.1_react@18.2.0/node_modules/@radix-ui/react-collection/dist/index.mjs" was ignored.
[2K[1G../../node_modules/.pnpm/@radix-ui+react-dismissable-layer@1.1.0_@types+react-dom@18.2.18_@types+react@18.2.46_react-dom@18.3.1_react@18.2.0/node_modules/@radix-ui/react-dismissable-layer/dist/index.mjs (1:0) Module level directives cause errors when bundled, "use client" in "../../node_modules/.pnpm/@radix-ui+react-dismissable-layer@1.1.0_@types+react-dom@18.2.18_@types+react@18.2.46_react-dom@18.3.1_react@18.2.0/node_modules/@radix-ui/react-dismissable-layer/dist/index.mjs" was ignored.
[2K[1G../../node_modules/.pnpm/@radix-ui+react-focus-guards@1.1.0_@types+react@18.2.46_react@18.2.0/node_modules/@radix-ui/react-focus-guards/dist/index.mjs (1:0) Module level directives cause errors when bundled, "use client" in "../../node_modules/.pnpm/@radix-ui+react-focus-guards@1.1.0_@types+react@18.2.46_react@18.2.0/node_modules/@radix-ui/react-focus-guards/dist/index.mjs" was ignored.
[2K[1G../../node_modules/.pnpm/@radix-ui+react-portal@1.1.1_@types+react-dom@18.2.18_@types+react@18.2.46_react-dom@18.3.1_react@18.2.0/node_modules/@radix-ui/react-portal/dist/index.mjs (1:0) Module level directives cause errors when bundled, "use client" in "../../node_modules/.pnpm/@radix-ui+react-portal@1.1.1_@types+react-dom@18.2.18_@types+react@18.2.46_react-dom@18.3.1_react@18.2.0/node_modules/@radix-ui/react-portal/dist/index.mjs" was ignored.
[2K[1G../../node_modules/.pnpm/@radix-ui+react-focus-scope@1.1.0_@types+react-dom@18.2.18_@types+react@18.2.46_react-dom@18.3.1_react@18.2.0/node_modules/@radix-ui/react-focus-scope/dist/index.mjs (1:0) Module level directives cause errors when bundled, "use client" in "../../node_modules/.pnpm/@radix-ui+react-focus-scope@1.1.0_@types+react-dom@18.2.18_@types+react@18.2.46_react-dom@18.3.1_react@18.2.0/node_modules/@radix-ui/react-focus-scope/dist/index.mjs" was ignored.
[2K[1G../../node_modules/.pnpm/@radix-ui+react-popper@1.2.0_@types+react-dom@18.2.18_@types+react@18.2.46_react-dom@18.3.1_react@18.2.0/node_modules/@radix-ui/react-popper/dist/index.mjs (1:0) Module level directives cause errors when bundled, "use client" in "../../node_modules/.pnpm/@radix-ui+react-popper@1.2.0_@types+react-dom@18.2.18_@types+react@18.2.46_react-dom@18.3.1_react@18.2.0/node_modules/@radix-ui/react-popper/dist/index.mjs" was ignored.
[2K[1G../../node_modules/.pnpm/react-aria-components@1.4.1_react-dom@18.3.1_react@18.2.0/node_modules/react-aria-components/dist/Breadcrumbs.mjs (33:21) A comment

"/*#__PURE__*/"

in "../../node_modules/.pnpm/react-aria-components@1.4.1_react-dom@18.3.1_react@18.2.0/node_modules/react-aria-components/dist/Breadcrumbs.mjs" contains an annotation that Rollup cannot interpret due to the position of the comment. The comment will be removed to avoid issues.
[2K[1G../../node_modules/.pnpm/react-aria-components@1.4.1_react-dom@18.3.1_react@18.2.0/node_modules/react-aria-components/dist/ComboBox.mjs (49:42) A comment

"/*#__PURE__*/"

in "../../node_modules/.pnpm/react-aria-components@1.4.1_react-dom@18.3.1_react@18.2.0/node_modules/react-aria-components/dist/ComboBox.mjs" contains an annotation that Rollup cannot interpret due to the position of the comment. The comment will be removed to avoid issues.
[2K[1Gtransforming (1713) [2m../../node_modules/.pnpm/react-aria-components@1.4.1_react-dom@18.3.1_react@18.2.0/node_modules/react-aria-components[2K[1Gtransforming (1779) [2m../../node_modules/.pnpm/@storybook+components@7.6.7_react-dom@18.2.0_react@18.2.0/node_modules/@storybook/components[2K[1Gtransforming (1809) [2m../../node_modules/.pnpm/lodash@4.17.21/node_modules/lodash/_arrayIncludesWith.js[22m[2K[1Gtransforming (1937) [2m../../node_modules/.pnpm/@react-aria+collections@3.0.0-alpha.5_react-dom@18.3.1_react@18.2.0/node_modules/@react-aria[2K[1Gtransforming (2048) [2m../../node_modules/.pnpm/react-day-picker@9.1.3_react@18.2.0/node_modules/react-day-picker/dist/esm/helpers/getInitia[2K[1Gtransforming (2161) [2m../../node_modules/.pnpm/react-aria-components@1.4.1_react-dom@18.3.1_react@18.2.0/node_modules/react-aria-components[2K[1Gtransforming (2244) [2m../../node_modules/.pnpm/@react-aria+dnd@3.7.4_react-dom@18.3.1_react@18.2.0/node_modules/@react-aria/dnd/dist/useDra[2K[1Gtransforming (2321) [2m../../node_modules/.pnpm/@react-aria+selection@3.20.1_react-dom@18.3.1_react@18.2.0/node_modules/@react-aria/selectio[2K[1Gtransforming (2381) [2m../../node_modules/.pnpm/@react-stately+tabs@3.6.10_react@18.2.0/node_modules/@react-stately/tabs/dist/useTabListStat[2K[1Gtransforming (2455) [2m../../node_modules/.pnpm/react-remove-scroll@2.5.7_@types+react@18.2.46_react@18.2.0/node_modules/react-remove-scroll[2K[1Gtransforming (2519) [2m../../node_modules/.pnpm/@react-aria+grid@3.10.5_react-dom@18.3.1_react@18.2.0/node_modules/@react-aria/grid/dist/use[2K[1Gtransforming (2711) [2m../../node_modules/.pnpm/@react-aria+dnd@3.7.4_react-dom@18.3.1_react@18.2.0/node_modules/@react-aria/dnd/dist/el-GR.[2K[1Gtransforming (2928) [2m../../node_modules/.pnpm/@react-aria+numberfield@3.11.8_react-dom@18.3.1_react@18.2.0/node_modules/@react-aria/number[2K[1Gtransforming (3213) [2m../../node_modules/.pnpm/@react-aria+spinbutton@3.6.9_react-dom@18.3.1_react@18.2.0/node_modules/@react-aria/spinbutt[2K[1G[2K[1G[2K[1G[2K[1G[2K[1G[2K[1G[2K[1G[2K[1G../../node_modules/.pnpm/telejson@7.2.0/node_modules/telejson/dist/index.mjs (1413:15) Use of eval in "../../node_modules/.pnpm/telejson@7.2.0/node_modules/telejson/dist/index.mjs" is strongly discouraged as it poses security risks and may cause issues with minification.
[2K[1G../../node_modules/.pnpm/telejson@7.2.0/node_modules/telejson/dist/index.mjs (1416:18) Use of eval in "../../node_modules/.pnpm/telejson@7.2.0/node_modules/telejson/dist/index.mjs" is strongly discouraged as it poses security risks and may cause issues with minification.
[2K[1G[32m✓[39m 3423 modules transformed.
[2K[1Grendering chunks (1)...[2K[1Grendering chunks (2)...[2K[1Grendering chunks (3)...[2K[1Grendering chunks (4)...[2K[1Grendering chunks (5)...[2K[1Grendering chunks (6)...[2K[1Grendering chunks (7)...[2K[1Grendering chunks (8)...[2K[1Grendering chunks (9)...[2K[1Grendering chunks (10)...[2K[1Grendering chunks (11)...[2K[1Grendering chunks (12)...[2K[1Grendering chunks (13)...[2K[1Grendering chunks (14)...[2K[1Grendering chunks (15)...[2K[1Grendering chunks (16)...[2K[1Grendering chunks (17)...[2K[1Grendering chunks (18)...[2K[1Grendering chunks (19)...[2K[1Grendering chunks (20)...[2K[1Grendering chunks (21)...[2K[1Grendering chunks (22)...[2K[1Grendering chunks (23)...[2K[1Grendering chunks (24)...[2K[1Grendering chunks (25)...[2K[1Grendering chunks (26)...[2K[1Grendering chunks (27)...[2K[1Grendering chunks (28)...[2K[1Grendering chunks (29)...[2K[1Grendering chunks (30)...[2K[1Grendering chunks (31)...[2K[1Grendering chunks (32)...[2K[1Grendering chunks (33)...[2K[1Grendering chunks (34)...[2K[1Grendering chunks (35)...[2K[1Grendering chunks (36)...[2K[1Grendering chunks (37)...[2K[1Grendering chunks (38)...[2K[1Grendering chunks (39)...[2K[1Grendering chunks (40)...[2K[1Grendering chunks (41)...[2K[1Grendering chunks (42)...[2K[1Grendering chunks (43)...[2K[1Grendering chunks (44)...[2K[1Grendering chunks (45)...[2K[1Grendering chunks (46)...[2K[1Grendering chunks (47)...[2K[1Grendering chunks (48)...[2K[1Grendering chunks (49)...[2K[1Grendering chunks (50)...[2K[1Grendering chunks (51)...[2K[1Grendering chunks (52)...[2K[1Grendering chunks (53)...[2K[1Grendering chunks (54)...[2K[1Grendering chunks (55)...[2K[1Grendering chunks (56)...[2K[1Grendering chunks (57)...[2K[1G[2K[1Gcomputing gzip size (0)...[2K[1Gcomputing gzip size (1)...[2K[1Gcomputing gzip size (2)...[2K[1Gcomputing gzip size (3)...[2K[1Gcomputing gzip size (4)...[2K[1Gcomputing gzip size (5)...[2K[1Gcomputing gzip size (6)...[2K[1Gcomputing gzip size (7)...[2K[1Gcomputing gzip size (8)...[2K[1Gcomputing gzip size (9)...[2K[1Gcomputing gzip size (10)...[2K[1Gcomputing gzip size (11)...[2K[1Gcomputing gzip size (12)...[2K[1Gcomputing gzip size (13)...[2K[1Gcomputing gzip size (14)...[2K[1Gcomputing gzip size (15)...[2K[1Gcomputing gzip size (16)...[2K[1Gcomputing gzip size (17)...[2K[1Gcomputing gzip size (18)...[2K[1Gcomputing gzip size (19)...[2K[1Gcomputing gzip size (20)...[2K[1Gcomputing gzip size (21)...[2K[1Gcomputing gzip size (22)...[2K[1Gcomputing gzip size (23)...[2K[1Gcomputing gzip size (24)...[2K[1Gcomputing gzip size (25)...[2K[1Gcomputing gzip size (26)...[2K[1Gcomputing gzip size (27)...[2K[1Gcomputing gzip size (28)...[2K[1Gcomputing gzip size (29)...[2K[1Gcomputing gzip size (30)...[2K[1Gcomputing gzip size (31)...[2K[1Gcomputing gzip size (32)...[2K[1Gcomputing gzip size (33)...[2K[1Gcomputing gzip size (34)...[2K[1Gcomputing gzip size (35)...[2K[1Gcomputing gzip size (36)...[2K[1Gcomputing gzip size (37)...[2K[1Gcomputing gzip size (38)...[2K[1Gcomputing gzip size (39)...[2K[1Gcomputing gzip size (40)...[2K[1Gcomputing gzip size (41)...[2K[1Gcomputing gzip size (42)...[2K[1Gcomputing gzip size (43)...[2K[1Gcomputing gzip size (44)...[2K[1Gcomputing gzip size (45)...[2K[1Gcomputing gzip size (46)...[2K[1Gcomputing gzip size (47)...[2K[1Gcomputing gzip size (48)...[2K[1Gcomputing gzip size (49)...[2K[1Gcomputing gzip size (50)...[2K[1Gcomputing gzip size (51)...[2K[1Gcomputing gzip size (52)...[2K[1Gcomputing gzip size (53)...[2K[1Gcomputing gzip size (54)...[2K[1Gcomputing gzip size (55)...[2K[1Gcomputing gzip size (56)...[2K[1Gcomputing gzip size (57)...[2K[1Gcomputing gzip size (58)...[2K[1Gcomputing gzip size (59)...[2K[1G[2mstorybook-static/[22m[32miframe.html                                    [39m[1m[2m 12.87 kB[22m[1m[22m[2m │ gzip:   3.60 kB[22m
[2mstorybook-static/[22m[2massets/[22m[35mpreview-VT9AejgB.css                    [39m[1m[2m 58.78 kB[22m[1m[22m[2m │ gzip:   8.33 kB[22m
[2mstorybook-static/[22m[2massets/[22m[36mindex-4UXiLcy0.js                       [39m[1m[2m  0.17 kB[22m[1m[22m[2m │ gzip:   0.15 kB[22m
[2mstorybook-static/[22m[2massets/[22m[36mextends-dGVwEr9R.js                     [39m[1m[2m  0.24 kB[22m[1m[22m[2m │ gzip:   0.19 kB[22m
[2mstorybook-static/[22m[2massets/[22m[36mpreview-w2W2Od8A.js                     [39m[1m[2m  0.29 kB[22m[1m[22m[2m │ gzip:   0.23 kB[22m
[2mstorybook-static/[22m[2massets/[22m[36mDocsRenderer-NNNQARDV-pxu0K13F.js       [39m[1m[2m  0.37 kB[22m[1m[22m[2m │ gzip:   0.24 kB[22m
[2mstorybook-static/[22m[2massets/[22m[36mWithTooltip-V3YHNWJZ-bsR2GvQf.js        [39m[1m[2m  0.40 kB[22m[1m[22m[2m │ gzip:   0.24 kB[22m
[2mstorybook-static/[22m[2massets/[22m[36msyntaxhighlighter-V7JZZA35-RS0Gtt2D.js  [39m[1m[2m  0.41 kB[22m[1m[22m[2m │ gzip:   0.26 kB[22m
[2mstorybook-static/[22m[2massets/[22m[36mindex-BxL6228P.js                       [39m[1m[2m  0.49 kB[22m[1m[22m[2m │ gzip:   0.30 kB[22m
[2mstorybook-static/[22m[2massets/[22m[36mreact-18-Zjprz-m4.js                    [39m[1m[2m  0.55 kB[22m[1m[22m[2m │ gzip:   0.34 kB[22m
[2mstorybook-static/[22m[2massets/[22m[36mpreview-VI2eoWmp.js                     [39m[1m[2m  0.64 kB[22m[1m[22m[2m │ gzip:   0.44 kB[22m
[2mstorybook-static/[22m[2massets/[22m[36mBadge.stories-azW2uqDx.js               [39m[1m[2m  0.67 kB[22m[1m[22m[2m │ gzip:   0.40 kB[22m
[2mstorybook-static/[22m[2massets/[22m[36mpreview-uzT4sCby.js                     [39m[1m[2m  0.71 kB[22m[1m[22m[2m │ gzip:   0.42 kB[22m
[2mstorybook-static/[22m[2massets/[22m[36mBadge.stories-iWDPaf-u.js               [39m[1m[2m  0.73 kB[22m[1m[22m[2m │ gzip:   0.44 kB[22m
[2mstorybook-static/[22m[2massets/[22m[36mCheckbox.stories-sPigLwiq.js            [39m[1m[2m  0.74 kB[22m[1m[22m[2m │ gzip:   0.45 kB[22m
[2mstorybook-static/[22m[2massets/[22m[36mCalendar.stories-JTbifuVE.js            [39m[1m[2m  0.75 kB[22m[1m[22m[2m │ gzip:   0.46 kB[22m
[2mstorybook-static/[22m[2massets/[22m[36mCheckbox.stories-ocWH0lkO.js            [39m[1m[2m  0.76 kB[22m[1m[22m[2m │ gzip:   0.44 kB[22m
[2mstorybook-static/[22m[2massets/[22m[36mindex-PPLHz8o0.js                       [39m[1m[2m  0.77 kB[22m[1m[22m[2m │ gzip:   0.47 kB[22m
[2mstorybook-static/[22m[2massets/[22m[36mSpinner.stories-2BlIMMQh.js             [39m[1m[2m  0.82 kB[22m[1m[22m[2m │ gzip:   0.46 kB[22m
[2mstorybook-static/[22m[2massets/[22m[36mpreview-bEa2SesL.js                     [39m[1m[2m  0.86 kB[22m[1m[22m[2m │ gzip:   0.55 kB[22m
[2mstorybook-static/[22m[2massets/[22m[36mRadio.stories-Ncbhhaey.js               [39m[1m[2m  0.86 kB[22m[1m[22m[2m │ gzip:   0.47 kB[22m
[2mstorybook-static/[22m[2massets/[22m[36mSwitch.stories-A0z6Z8DE.js              [39m[1m[2m  0.87 kB[22m[1m[22m[2m │ gzip:   0.48 kB[22m
[2mstorybook-static/[22m[2massets/[22m[36mSwitch.stories-MnN-RFZ7.js              [39m[1m[2m  0.89 kB[22m[1m[22m[2m │ gzip:   0.50 kB[22m
[2mstorybook-static/[22m[2massets/[22m[36mButton.stories-OMb9Ce8V.js              [39m[1m[2m  0.92 kB[22m[1m[22m[2m │ gzip:   0.53 kB[22m
[2mstorybook-static/[22m[2massets/[22m[36mTextarea.stories-YBxt9Oe6.js            [39m[1m[2m  0.93 kB[22m[1m[22m[2m │ gzip:   0.53 kB[22m
[2mstorybook-static/[22m[2massets/[22m[36mInputFields.stories-jdz1YRhY.js         [39m[1m[2m  0.93 kB[22m[1m[22m[2m │ gzip:   0.53 kB[22m
[2mstorybook-static/[22m[2massets/[22m[36mButton.stories-rNC0gdRT.js              [39m[1m[2m  0.94 kB[22m[1m[22m[2m │ gzip:   0.54 kB[22m
[2mstorybook-static/[22m[2massets/[22m[36mImage.stories-vYAs0wkF.js               [39m[1m[2m  0.96 kB[22m[1m[22m[2m │ gzip:   0.51 kB[22m
[2mstorybook-static/[22m[2massets/[22m[36mProgress.stories-DgNBrsKT.js            [39m[1m[2m  0.97 kB[22m[1m[22m[2m │ gzip:   0.55 kB[22m
[2mstorybook-static/[22m[2massets/[22m[36mjsx-runtime-CUEGZZF9.js                 [39m[1m[2m  0.97 kB[22m[1m[22m[2m │ gzip:   0.60 kB[22m
[2mstorybook-static/[22m[2massets/[22m[36mAvatar.stories-rkFyC4r1.js              [39m[1m[2m  1.00 kB[22m[1m[22m[2m │ gzip:   0.53 kB[22m
[2mstorybook-static/[22m[2massets/[22m[36mAlertDialog.stories-W1TCo1__.js         [39m[1m[2m  1.11 kB[22m[1m[22m[2m │ gzip:   0.59 kB[22m
[2mstorybook-static/[22m[2massets/[22m[36mindex-polp_dyw.js                       [39m[1m[2m  1.11 kB[22m[1m[22m[2m │ gzip:   0.56 kB[22m
[2mstorybook-static/[22m[2massets/[22m[36mentry-preview-2FNvS3aK.js               [39m[1m[2m  1.11 kB[22m[1m[22m[2m │ gzip:   0.64 kB[22m
[2mstorybook-static/[22m[2massets/[22m[36mSelect.stories-txaChUcf.js              [39m[1m[2m  1.12 kB[22m[1m[22m[2m │ gzip:   0.54 kB[22m
[2mstorybook-static/[22m[2massets/[22m[36mRadioGroup.stories-yZBQkZhn.js          [39m[1m[2m  1.23 kB[22m[1m[22m[2m │ gzip:   0.61 kB[22m
[2mstorybook-static/[22m[2massets/[22m[36mBreadcrumbs.stories-xULqIm4w.js         [39m[1m[2m  1.26 kB[22m[1m[22m[2m │ gzip:   0.52 kB[22m
[2mstorybook-static/[22m[2massets/[22m[36mAlert.stories-teRKK2MM.js               [39m[1m[2m  1.36 kB[22m[1m[22m[2m │ gzip:   0.73 kB[22m
[2mstorybook-static/[22m[2massets/[22m[36mCarousel.stories-2JDgPwtq.js            [39m[1m[2m  1.63 kB[22m[1m[22m[2m │ gzip:   0.72 kB[22m
[2mstorybook-static/[22m[2massets/[22m[36mCollapsible.stories-ZcOu2Y0i.js         [39m[1m[2m  1.74 kB[22m[1m[22m[2m │ gzip:   0.89 kB[22m
[2mstorybook-static/[22m[2massets/[22m[36mAccordion.stories-ScIm21Tn.js           [39m[1m[2m  2.02 kB[22m[1m[22m[2m │ gzip:   0.75 kB[22m
[2mstorybook-static/[22m[2massets/[22m[36mindex-ogXoivrg.js                       [39m[1m[2m  2.59 kB[22m[1m[22m[2m │ gzip:   1.26 kB[22m
[2mstorybook-static/[22m[2massets/[22m[36mindex-lKR1_9jn.js                       [39m[1m[2m  2.84 kB[22m[1m[22m[2m │ gzip:   1.22 kB[22m
[2mstorybook-static/[22m[2massets/[22m[36mpreview-wm7zCcxo.js                     [39m[1m[2m  3.21 kB[22m[1m[22m[2m │ gzip:   1.37 kB[22m
[2mstorybook-static/[22m[2massets/[22m[36mCard.stories-jYG93Vo6.js                [39m[1m[2m  3.67 kB[22m[1m[22m[2m │ gzip:   1.38 kB[22m
[2mstorybook-static/[22m[2massets/[22m[36mpreview-IqwtUnem.js                     [39m[1m[2m  5.25 kB[22m[1m[22m[2m │ gzip:   2.42 kB[22m
[2mstorybook-static/[22m[2massets/[22m[36mpreview-u8M_OEO2.js                     [39m[1m[2m  7.62 kB[22m[1m[22m[2m │ gzip:   1.55 kB[22m
[2mstorybook-static/[22m[2massets/[22m[36mindex-DogsOklH.js                       [39m[1m[2m  7.80 kB[22m[1m[22m[2m │ gzip:   3.07 kB[22m
[2mstorybook-static/[22m[2massets/[22m[36mpreview-MdQXpms2.js                     [39m[1m[2m  8.28 kB[22m[1m[22m[2m │ gzip:   3.17 kB[22m
[2mstorybook-static/[22m[2massets/[22m[36miframe-TrboGmW0.js                      [39m[1m[2m  8.93 kB[22m[1m[22m[2m │ gzip:   2.44 kB[22m
[2mstorybook-static/[22m[2massets/[22m[36mdesignTheming-_i1GGT79.js               [39m[1m[2m 16.19 kB[22m[1m[22m[2m │ gzip:   1.35 kB[22m
[2mstorybook-static/[22m[2massets/[22m[36mColor-6VNJS4EI-PI8uQQSP.js              [39m[1m[2m 31.00 kB[22m[1m[22m[2m │ gzip:  11.73 kB[22m
[2mstorybook-static/[22m[2massets/[22m[36mindex-wa7FTHja.js                       [39m[1m[2m 78.39 kB[22m[1m[22m[2m │ gzip:  23.54 kB[22m
[2mstorybook-static/[22m[2massets/[22m[36mcommonMeta-d_shcU2E.js                  [39m[1m[2m 80.35 kB[22m[1m[22m[2m │ gzip:  20.77 kB[22m
[2mstorybook-static/[22m[2massets/[22m[36mindex-MroJ3egt.js                       [39m[1m[2m134.01 kB[22m[1m[22m[2m │ gzip:  43.19 kB[22m
[2mstorybook-static/[22m[2massets/[22m[36mentry-preview-docs-0Imv7it3.js          [39m[1m[2m213.06 kB[22m[1m[22m[2m │ gzip:  66.79 kB[22m
[2mstorybook-static/[22m[2massets/[22m[36mindex--X1B5bpF.js                       [39m[1m[2m237.54 kB[22m[1m[22m[2m │ gzip:  73.92 kB[22m
[2mstorybook-static/[22m[2massets/[22m[36mchunk-HLWAVYOI-nRwOntm_.js              [39m[1m[33m536.44 kB[39m[22m[2m │ gzip: 175.87 kB[22m
[2mstorybook-static/[22m[2massets/[22m[36mformatter-SWP5E3XI-38u8VOkO.js          [39m[1m[33m601.59 kB[39m[22m[2m │ gzip: 186.22 kB[22m
[33m
(!) Some chunks are larger than 500 kB after minification. Consider:
- Using dynamic import() to code-split the application
- Use build.rollupOptions.output.manualChunks to improve chunking: https://rollupjs.org/configuration-options/#output-manualchunks
- Adjust chunk size limit for this warning via build.chunkSizeWarningLimit.[39m
[32m✓ built in 14.08s[39m
[32minfo[0m[35m[0m => Preview built ([38;2;181;126;229m16 s[39m)
[0m[32minfo[0m[35m[0m => Output directory: /Users/ivyquillosa/Desktop/CodeTwenty/Upwork/frontend-challenge/apps/storydocs/storybook-static
[0m
[35m[1mattention[22m[39m => Storybook now collects completely anonymous telemetry regarding usage.
This information is used to shape Storybook's roadmap and prioritize features.
You can learn more, including how to opt-out if you'd not like to participate in this anonymous program, by visiting the following URL:
[36mhttps://storybook.js.org/telemetry[39m

